Arguments: 
  /Users/arjun/.nvm/versions/node/v12.19.0/bin/node /usr/local/bin/yarn add exig

PATH: 
  /Users/arjun/Library/Android/sdk/platform-tools://Users/arjun/.nvm/versions/node/v12.19.0/bin:/usr/local/bin:/usr/bin:/bin:/usr/sbin:/sbin:/Users/arjun/Library/Android/sdk/platform-tools://Users/arjun/.nvm/versions/node/v12.19.0/bin

Yarn version: 
  1.22.10

Node version: 
  12.19.0

Platform: 
  darwin x64

Trace: 
  Error: https://registry.yarnpkg.com/exig: Not found
      at Request.params.callback [as _callback] (/usr/local/lib/node_modules/yarn/lib/cli.js:66988:18)
      at Request.self.callback (/usr/local/lib/node_modules/yarn/lib/cli.js:140662:22)
      at Request.emit (events.js:314:20)
      at Request.<anonymous> (/usr/local/lib/node_modules/yarn/lib/cli.js:141634:10)
      at Request.emit (events.js:314:20)
      at IncomingMessage.<anonymous> (/usr/local/lib/node_modules/yarn/lib/cli.js:141556:12)
      at Object.onceWrapper (events.js:420:28)
      at IncomingMessage.emit (events.js:326:22)
      at endReadableNT (_stream_readable.js:1223:12)
      at processTicksAndRejections (internal/process/task_queues.js:84:21)

npm manifest: 
  {
    "name": "rename-files",
    "version": "1.0.0",
    "description": "",
    "main": "index.js",
    "scripts": {
      "start": "node index.js"
    },
    "keywords": [],
    "author": "",
    "license": "ISC",
    "dependencies": {
      "modify-exif": "0.0.1"
    }
  }

yarn manifest: 
  No manifest

Lockfile: 
  # THIS IS AN AUTOGENERATED FILE. DO NOT EDIT THIS FILE DIRECTLY.
  # yarn lockfile v1
  
  
  current-exif-date@^0.0.0:
    version "0.0.0"
    resolved "https://registry.yarnpkg.com/current-exif-date/-/current-exif-date-0.0.0.tgz#13060eec20a24de3607c00cdd743f75a7cab60de"
    integrity sha512-MdCRt6rxQzOssEeHjgfZFpmDydW6zyUAkUuP0gyGr2YZo25WZDM9SMG7gnFEX5zWQ9WNV9hi/V0hrMhDXazTvQ==
    dependencies:
      exif-date "^1.2.0"
  
  exif-date@^1.2.0:
    version "1.2.0"
    resolved "https://registry.yarnpkg.com/exif-date/-/exif-date-1.2.0.tgz#cb5ac1c32f26b4f0e7a7f574ed1efca05b8f3d72"
    integrity sha1-y1rBwy8mtPDnp/V07R78oFuPPXI=
  
  is-jpg@^1.0.1:
    version "1.0.1"
    resolved "https://registry.yarnpkg.com/is-jpg/-/is-jpg-1.0.1.tgz#296d57fdd99ce010434a7283e346ab9a1035e975"
    integrity sha1-KW1X/dmc4BBDSnKD40armhA16XU=
  
  is-plain-obj@^1.1.0:
    version "1.1.0"
    resolved "https://registry.yarnpkg.com/is-plain-obj/-/is-plain-obj-1.1.0.tgz#71a50c8429dfca773c92a390a4a03b39fcd51d3e"
    integrity sha1-caUMhCnfync8kqOQpKA7OfzVHT4=
  
  modify-exif@0.0.1:
    version "0.0.1"
    resolved "https://registry.yarnpkg.com/modify-exif/-/modify-exif-0.0.1.tgz#654b862bdaf2e433d845ff1eb24a7b607bec4151"
    integrity sha512-JwiSc/bi2UzGlnx5cD6NFvaWktAw9+pGBWPYax32MAyMHvYLnzYYU8zIdKvLoBHg7eOy+kQE2awybipC7phVDQ==
    dependencies:
      current-exif-date "^0.0.0"
      is-jpg "^1.0.1"
      is-plain-obj "^1.1.0"
      piexifjs "^1.0.4"
      safe-buffer "^5.1.2"
  
  piexifjs@^1.0.4:
    version "1.0.6"
    resolved "https://registry.yarnpkg.com/piexifjs/-/piexifjs-1.0.6.tgz#883811d73f447218d0d06e9ed7866d04533e59e0"
    integrity sha512-0wVyH0cKohzBQ5Gi2V1BuxYpxWfxF3cSqfFXfPIpl5tl9XLS5z4ogqhUCD20AbHi0h9aJkqXNJnkVev6gwh2ag==
  
  safe-buffer@^5.1.2:
    version "5.2.1"
    resolved "https://registry.yarnpkg.com/safe-buffer/-/safe-buffer-5.2.1.tgz#1eaf9fa9bdb1fdd4ec75f58f9cdb4e6b7827eec6"
    integrity sha512-rp3So07KcdmmKbGvgaNxQSJr7bGVSVk5S9Eq1F+ppbRo70+YeaDxkw5Dd8NPN+GD6bjnYm2VuPuCXmpuYvmCXQ==
